BUILD: Computing Include file dependencies:
BUILD: Examining e:\hf-2011\ntfs directory for files to compile.
Compiling (NoSync) e:\hf-2011\ntfs directory ********************
1>'nmake.exe /nologo BUILDMSG=Stop. -i NTTEST= UMTEST= NOLINK=1 NOPASS0=1 PASS1_NOLIB=1 386=1'
1>BUILDMSG: Processing e:\hf-2011\ntfs
1>cl -nologo -Ii386\ -I. -IG:\WINDDK\3790~1.183\inc\mfc42 -I. -Iobjchk_wxp_x86\i386 -IG:\WINDDK\3790~1.183\inc\wxp -IG:\WINDDK\3790~1.183\inc\wxp -IG:\WINDDK\3790~1.183\inc\ddk\wxp -IG:\WINDDK\3790~1.183\inc\ddk\wdm\wxp -IG:\WINDDK\3790~1.183\inc\crt -D_X86_=1 -Di386=1  -DSTD_CALL -DCONDITION_HANDLING=1   -DNT_INST=0 -DWIN32=100 -D_NT1X_=100 -DWINNT=1 -D_WIN32_WINNT=0x0501 /DWINVER=0x0501 -D_WIN32_IE=0x0603    -DWIN32_LEAN_AND_MEAN=1 -DDEVL=1 -DDBG=1 -D__BUILDMACHINE__=WinDDK -DFPO=0  -DNDEBUG -D_DLL=1      /c /Zl /Zp8 /Gy /Gm- -cbstring /W3 /WX /Gz  /GX-  /GR- /GF /GS /G6 /Ze /Gi- /QIfdiv- /hotpatch -Z7 /Od /Oi  /Oy-   -FIG:\WINDDK\3790~1.183\inc\wxp\warning.h   .\ntfsinit.c 
1>ntfsinit.c
1>
1>Stop.
Compiling  e:\hf-2011\ntfs directory ********************
100>'nmake.exe /nologo BUILDMSG=Stop. -i NTTEST= UMTEST= NOLINK=1 NOPASS0=1 386=1'
100>BUILDMSG: Processing e:\hf-2011\ntfs
100>
100>Stop.
Linking e:\hf-2011\ntfs directory ********************
1>'nmake.exe /nologo BUILDMSG=Stop. -i LINKONLY=1 NOPASS0=1 NTTEST= UMTEST= 386=1'
1>BUILDMSG: Processing e:\hf-2011\ntfs
1>	link -out:objchk_wxp_x86\i386\ntfs.sys -machine:ix86 @C:\DOCUME~1\ADMINI~1\LOCALS~1\Temp\nm18C.tmp
1>Microsoft (R) Incremental Linker Version 7.10.4035
1>Copyright (C) Microsoft Corporation.  All rights reserved.
1>
1>-MERGE:_PAGE=PAGE 
1>-MERGE:_TEXT=.text 
1>-SECTION:INIT,d 
1>-OPT:REF 
1>-OPT:ICF 
1>-IGNORE:4198,4010,4037,4039,4065,4070,4078,4087,4089,4221 
1>-INCREMENTAL:NO 
1>-FULLBUILD 
1>/release 
1>-NODEFAULTLIB 
1>/WX 
1>-debug 
1>-debugtype:cv 
1>-version:5.1 
1>-osversion:5.1 
1>/functionpadmin:5 
1>/safeseh 
1>/pdbcompress 
1>-STACK:0x40000,0x1000 
1>-driver 
1>-base:0x10000 
1>-align:0x80 /stub:G:\WINDDK\3790~1.183\lib\wxp\stub512.com 
1>-subsystem:native,5.01 
1>-entry:GsDriverEntry@8 
1>-out:objchk_wxp_x86\i386\ntfs.sys 
1>objchk_wxp_x86\i386\ntfsinit.obj 
1>G:\WINDDK\3790~1.183\lib\wxp\i386\BufferOverflowK.lib 
1>G:\WINDDK\3790~1.183\lib\wxp\i386\ntoskrnl.lib 
1>G:\WINDDK\3790~1.183\lib\wxp\i386\hal.lib 
1>G:\WINDDK\3790~1.183\lib\wxp\i386\wmilib.lib 
1>G:\WINDDK\3790~1.183\lib\wxp\i386\sehupd.lib 
1>	echo Skip Binplace:
1>Skip Binplace:
1>
1>Stop.
